2026-02-09 15:59:42,947 [INFO] Запуск tshark worker.
2026-02-09 15:59:42,948 [INFO] Создание нового потока tshar из main.py, строка 250 завершено
2026-02-09 15:59:42,949 [INFO] Процесс tshark успешно стартовал. PID=518917, Thread=140732345233792
2026-02-09 15:59:42,952 [INFO] Процесс tshark успешно стартовал.
2026-02-09 16:00:08,732 [INFO] [FINALLY] Попытка завершения процесса PID=518973
2026-02-09 16:00:08,846 [INFO] [FINALLY] Процесс PID=518973 успешно завершён.
2026-02-09 16:00:08,847 [INFO] [FINALLY] Рабочий поток остановлен. Флаг _is_worker_running = False
2026-02-09 16:00:35,855 [INFO] Закрытие окна мониторинга
2026-02-09 16:00:35,863 [INFO] Мониторинг остановлен
2026-02-09 16:00:39,983 [INFO] Начинается попытка запуска tshark
2026-02-09 16:00:39,984 [INFO] Запуск tshark worker.
2026-02-09 16:00:39,985 [INFO] Создание нового потока tshark завершено
2026-02-09 16:00:39,985 [INFO] Процесс tshark успешно стартовал. PID=518917, Thread=140732203397504
2026-02-09 16:00:39,987 [INFO] Процесс tshark успешно стартовал.
2026-02-09 16:01:12,924 [INFO] [FINALLY] Попытка завершения процесса PID=519935
2026-02-09 16:01:13,055 [INFO] [FINALLY] Процесс PID=519935 успешно завершён.
2026-02-09 16:01:13,058 [INFO] [FINALLY] Рабочий поток остановлен. Флаг _is_worker_running = False
2026-02-09 16:01:24,404 [INFO] Мониторинг остановлен
2026-02-09 16:06:42,183 [INFO] Закрытие окна мониторинга
2026-02-09 16:06:42,191 [INFO] Мониторинг остановлен
2026-02-09 16:06:46,974 [INFO] Начинается попытка запуска tshark
2026-02-09 16:06:46,975 [INFO] Запуск tshark worker.
2026-02-09 16:06:46,975 [INFO] Создание нового потока tshark завершено
2026-02-09 16:06:46,975 [INFO] Процесс tshark успешно стартовал. PID=518917, Thread=140732102734208
2026-02-09 16:06:46,977 [INFO] Процесс tshark успешно стартовал.
2026-02-09 16:08:17,821 [INFO] [FINALLY] Попытка завершения процесса PID=523691
2026-02-09 16:08:17,942 [INFO] [FINALLY] Процесс PID=523691 успешно завершён.
2026-02-09 16:08:17,942 [INFO] [FINALLY] Рабочий поток остановлен. Флаг _is_worker_running = False
2026-02-09 16:08:27,189 [INFO] Мониторинг остановлен
2026-02-09 16:17:21,189 [INFO] Запуск tshark worker.
2026-02-09 16:17:21,190 [INFO] Создание нового потока tshar из main.py, строка 250 завершено
2026-02-09 16:17:21,190 [INFO] Процесс tshark успешно стартовал. PID=532504, Thread=140734044975488
2026-02-09 16:17:21,191 [INFO] Процесс tshark успешно стартовал.
2026-02-09 16:17:49,724 [INFO] [FINALLY] Попытка завершения процесса PID=532555
2026-02-09 16:17:49,906 [INFO] [FINALLY] Процесс PID=532555 успешно завершён.
2026-02-09 16:17:49,906 [INFO] [FINALLY] Рабочий поток остановлен. Флаг _is_worker_running = False
2026-02-09 16:22:01,724 [INFO] Запуск tshark worker.
2026-02-09 16:22:01,725 [INFO] Процесс tshark успешно стартовал. PID=535716, Thread=140734760628608
2026-02-09 16:22:01,725 [INFO] Создание нового потока tshar из main.py, строка 250 завершено
2026-02-09 16:22:01,727 [INFO] Процесс tshark успешно стартовал.
2026-02-09 16:23:29,116 [INFO] [FINALLY] Попытка завершения процесса PID=535757
2026-02-09 16:23:29,230 [INFO] [FINALLY] Процесс PID=535757 успешно завершён.
2026-02-09 16:23:29,231 [INFO] [FINALLY] Рабочий поток остановлен. Флаг _is_worker_running = False
2026-02-10 17:56:44,496 [INFO] Запуск tshark worker.
2026-02-10 17:56:44,497 [INFO] Создание нового потока tshar из main.py, строка 250 завершено
2026-02-10 17:56:44,497 [INFO] Процесс tshark успешно стартовал. PID=62874, Thread=140734002901376
2026-02-10 17:56:44,498 [INFO] Процесс tshark успешно стартовал.
2026-02-10 17:57:18,117 [INFO] [FINALLY] Попытка завершения процесса PID=62922
2026-02-10 17:57:18,283 [INFO] [FINALLY] Процесс PID=62922 успешно завершён.
2026-02-10 17:57:18,286 [INFO] [FINALLY] Рабочий поток остановлен. Флаг _is_worker_running = False
2026-02-10 17:57:54,072 [INFO] Мониторинг остановлен
2026-02-10 17:59:08,025 [INFO] Запуск tshark worker.
2026-02-10 17:59:08,026 [INFO] Создание нового потока tshar из main.py, строка 250 завершено
2026-02-10 17:59:08,026 [INFO] Процесс tshark успешно стартовал. PID=65209, Thread=140735249527168
2026-02-10 17:59:08,028 [INFO] Процесс tshark успешно стартовал.
2026-02-10 18:01:00,164 [INFO] [FINALLY] Попытка завершения процесса PID=65257
2026-02-10 18:01:00,281 [INFO] [FINALLY] Процесс PID=65257 успешно завершён.
2026-02-10 18:01:00,282 [INFO] [FINALLY] Рабочий поток остановлен. Флаг _is_worker_running = False
2026-02-11 09:13:59,164 [INFO] Начинается попытка запуска tshark
2026-02-11 09:13:59,172 [INFO] Запуск tshark worker.
2026-02-11 09:13:59,172 [INFO] Создание нового потока tshark завершено
2026-02-11 09:13:59,172 [INFO] Процесс tshark успешно стартовал. PID=3115, Thread=140733301993856
2026-02-11 09:13:59,182 [INFO] Процесс tshark успешно стартовал.
2026-02-11 09:15:56,153 [INFO] [FINALLY] Попытка завершения процесса PID=3400
2026-02-11 09:15:56,271 [INFO] [FINALLY] Процесс PID=3400 успешно завершён.
2026-02-11 09:15:56,272 [INFO] [FINALLY] Рабочий поток остановлен. Флаг _is_worker_running = False
2026-02-11 13:43:04,383 [INFO] Запуск tshark worker.
2026-02-11 13:43:04,384 [INFO] Процесс tshark успешно стартовал. PID=180801, Thread=140732152426880
2026-02-11 13:43:04,384 [INFO] Создание нового потока tshar из main.py, строка 250 завершено
2026-02-11 13:43:04,385 [INFO] Процесс tshark успешно стартовал.
2026-02-11 15:05:44,936 [INFO] Запуск tshark worker.
2026-02-11 15:05:44,936 [INFO] Создание нового потока tshar из main.py, строка 250 завершено
2026-02-11 15:05:44,937 [INFO] Процесс tshark успешно стартовал. PID=234576, Thread=140734656164224
2026-02-11 15:05:44,938 [INFO] Процесс tshark успешно стартовал.
2026-02-11 15:06:02,712 [INFO] [FINALLY] Попытка завершения процесса PID=234616
2026-02-11 15:06:02,839 [INFO] [FINALLY] Процесс PID=234616 успешно завершён.
2026-02-11 15:06:02,840 [INFO] [FINALLY] Рабочий поток остановлен. Флаг _is_worker_running = False
