2026-02-19 14:44:12 [INFO    ]: Запуск мониторинга... (rssi_monitor_async.py:83)
2026-02-19 14:44:12 [INFO    ]: Запущена команда: tshark -l -i wlan1 -T fields -E separator=	 -e wlan.fc.type -e wlan.fc.subtype -e wlan.sa -e wlan.da -e wlan.bssid -e frame.number -e wlan_radio.signal_dbm -Y (wlan.sa == 48:8B:0A:A1:05:70 or wlan.da == 48:8B:0A:A1:05:70 or wlan.bssid == 48:8B:0A:A1:05:70) and (wlan.fc.type == 0 or wlan.fc.type == 2) (rssi_monitor_async.py:161)
2026-02-19 14:44:13 [INFO    ]: Запущен tshark с фильтром: wlan.ta == 48:8B:0A:A1:05:70 (rssi_monitor_async.py:235)
2026-02-19 14:44:13 [DEBUG   ]: Получен RSSI: -30 dBm (кадр 1) (rssi_monitor_async.py:256)
2026-02-19 14:44:13 [DEBUG   ]: Получен RSSI: -34 dBm (кадр 2) (rssi_monitor_async.py:256)
2026-02-19 14:44:14 [DEBUG   ]: Получен RSSI: -36 dBm (кадр 35) (rssi_monitor_async.py:256)
2026-02-19 14:44:14 [DEBUG   ]: Получен RSSI: -36 dBm (кадр 36) (rssi_monitor_async.py:256)
2026-02-19 14:44:14 [DEBUG   ]: Получен RSSI: -36 dBm (кадр 39) (rssi_monitor_async.py:256)
2026-02-19 14:44:15 [DEBUG   ]: Получен RSSI: -32 dBm (кадр 47) (rssi_monitor_async.py:256)
2026-02-19 14:44:15 [DEBUG   ]: Получен RSSI: -32 dBm (кадр 48) (rssi_monitor_async.py:256)
2026-02-19 14:44:15 [DEBUG   ]: Получен RSSI: -32 dBm (кадр 50) (rssi_monitor_async.py:256)
2026-02-19 14:44:15 [DEBUG   ]: Получен RSSI: -32 dBm (кадр 51) (rssi_monitor_async.py:256)
2026-02-19 14:44:15 [DEBUG   ]: Получен RSSI: -34 dBm (кадр 55) (rssi_monitor_async.py:256)
2026-02-19 14:44:15 [DEBUG   ]: Получен RSSI: -32 dBm (кадр 56) (rssi_monitor_async.py:256)
2026-02-19 14:44:15 [DEBUG   ]: Получен RSSI: -32 dBm (кадр 58) (rssi_monitor_async.py:256)
2026-02-19 14:44:15 [DEBUG   ]: Получен RSSI: -34 dBm (кадр 59) (rssi_monitor_async.py:256)
2026-02-19 14:44:15 [DEBUG   ]: Получен RSSI: -66 dBm (кадр 61) (rssi_monitor_async.py:256)
2026-02-19 14:44:16 [DEBUG   ]: Получен RSSI: -34 dBm (кадр 85) (rssi_monitor_async.py:256)
2026-02-19 14:44:16 [DEBUG   ]: Получен RSSI: -36 dBm (кадр 86) (rssi_monitor_async.py:256)
2026-02-19 14:44:16 [DEBUG   ]: Получен RSSI: -34 dBm (кадр 93) (rssi_monitor_async.py:256)
2026-02-19 14:44:16 [DEBUG   ]: Получен RSSI: -36 dBm (кадр 94) (rssi_monitor_async.py:256)
2026-02-19 14:44:16 [DEBUG   ]: Получен RSSI: -36 dBm (кадр 111) (rssi_monitor_async.py:256)
2026-02-19 14:44:16 [DEBUG   ]: Получен RSSI: -32 dBm (кадр 112) (rssi_monitor_async.py:256)
2026-02-19 14:44:16 [DEBUG   ]: Получен RSSI: -32 dBm (кадр 116) (rssi_monitor_async.py:256)
2026-02-19 14:44:16 [DEBUG   ]: Получен RSSI: -36 dBm (кадр 117) (rssi_monitor_async.py:256)
2026-02-19 14:44:16 [DEBUG   ]: Получен RSSI: -34 dBm (кадр 122) (rssi_monitor_async.py:256)
2026-02-19 14:44:16 [DEBUG   ]: Получен RSSI: -34 dBm (кадр 123) (rssi_monitor_async.py:256)
2026-02-19 14:44:16 [DEBUG   ]: Получен RSSI: -32 dBm (кадр 124) (rssi_monitor_async.py:256)
2026-02-19 14:44:16 [DEBUG   ]: Получен RSSI: -32 dBm (кадр 125) (rssi_monitor_async.py:256)
2026-02-19 14:44:16 [DEBUG   ]: Получен RSSI: -68 dBm (кадр 127) (rssi_monitor_async.py:256)
2026-02-19 14:44:17 [DEBUG   ]: Получен RSSI: -36 dBm (кадр 145) (rssi_monitor_async.py:256)
2026-02-19 14:44:17 [DEBUG   ]: Получен RSSI: -34 dBm (кадр 146) (rssi_monitor_async.py:256)
2026-02-19 14:44:17 [DEBUG   ]: Получен RSSI: -36 dBm (кадр 147) (rssi_monitor_async.py:256)
2026-02-19 14:44:17 [DEBUG   ]: Получен RSSI: -34 dBm (кадр 148) (rssi_monitor_async.py:256)
2026-02-19 14:44:17 [DEBUG   ]: Получен RSSI: -32 dBm (кадр 156) (rssi_monitor_async.py:256)
2026-02-19 14:44:17 [DEBUG   ]: Получен RSSI: -32 dBm (кадр 157) (rssi_monitor_async.py:256)
2026-02-19 14:44:17 [DEBUG   ]: Получен RSSI: -32 dBm (кадр 160) (rssi_monitor_async.py:256)
2026-02-19 14:44:17 [DEBUG   ]: Получен RSSI: -32 dBm (кадр 161) (rssi_monitor_async.py:256)
2026-02-19 14:44:17 [DEBUG   ]: Получен RSSI: -32 dBm (кадр 165) (rssi_monitor_async.py:256)
2026-02-19 14:44:17 [DEBUG   ]: Получен RSSI: -32 dBm (кадр 166) (rssi_monitor_async.py:256)
2026-02-19 14:44:17 [DEBUG   ]: Получен RSSI: -32 dBm (кадр 170) (rssi_monitor_async.py:256)
2026-02-19 14:44:17 [DEBUG   ]: Получен RSSI: -34 dBm (кадр 171) (rssi_monitor_async.py:256)
2026-02-19 14:44:18 [DEBUG   ]: Получен RSSI: -36 dBm (кадр 183) (rssi_monitor_async.py:256)
2026-02-19 14:44:18 [DEBUG   ]: Получен RSSI: -36 dBm (кадр 184) (rssi_monitor_async.py:256)
2026-02-19 14:44:18 [DEBUG   ]: Получен RSSI: -34 dBm (кадр 186) (rssi_monitor_async.py:256)
2026-02-19 14:44:18 [DEBUG   ]: Получен RSSI: -36 dBm (кадр 187) (rssi_monitor_async.py:256)
2026-02-19 14:44:18 [DEBUG   ]: Получен RSSI: -68 dBm (кадр 189) (rssi_monitor_async.py:256)
2026-02-19 14:44:19 [DEBUG   ]: Получен RSSI: -36 dBm (кадр 194) (rssi_monitor_async.py:256)
2026-02-19 14:44:19 [DEBUG   ]: Получен RSSI: -36 dBm (кадр 195) (rssi_monitor_async.py:256)
2026-02-19 14:44:19 [DEBUG   ]: Получен RSSI: -36 dBm (кадр 199) (rssi_monitor_async.py:256)
2026-02-19 14:44:19 [DEBUG   ]: Получен RSSI: -36 dBm (кадр 200) (rssi_monitor_async.py:256)
2026-02-19 14:44:19 [DEBUG   ]: Получен RSSI: -32 dBm (кадр 204) (rssi_monitor_async.py:256)
2026-02-19 14:44:19 [DEBUG   ]: Получен RSSI: -34 dBm (кадр 205) (rssi_monitor_async.py:256)
2026-02-19 14:44:19 [DEBUG   ]: Получен RSSI: -30 dBm (кадр 206) (rssi_monitor_async.py:256)
2026-02-19 14:44:19 [DEBUG   ]: Получен RSSI: -34 dBm (кадр 207) (rssi_monitor_async.py:256)
2026-02-19 14:44:19 [DEBUG   ]: Получен RSSI: -34 dBm (кадр 225) (rssi_monitor_async.py:256)
2026-02-19 14:44:20 [DEBUG   ]: Получен RSSI: -34 dBm (кадр 226) (rssi_monitor_async.py:256)
2026-02-19 14:44:20 [DEBUG   ]: Получен RSSI: -34 dBm (кадр 230) (rssi_monitor_async.py:256)
2026-02-19 14:44:20 [DEBUG   ]: Получен RSSI: -34 dBm (кадр 231) (rssi_monitor_async.py:256)
2026-02-19 14:44:20 [DEBUG   ]: Получен RSSI: -32 dBm (кадр 241) (rssi_monitor_async.py:256)
2026-02-19 14:44:20 [DEBUG   ]: Получен RSSI: -32 dBm (кадр 242) (rssi_monitor_async.py:256)
2026-02-19 14:44:20 [DEBUG   ]: Получен RSSI: -32 dBm (кадр 247) (rssi_monitor_async.py:256)
2026-02-19 14:44:20 [DEBUG   ]: Получен RSSI: -32 dBm (кадр 248) (rssi_monitor_async.py:256)
2026-02-19 14:44:20 [DEBUG   ]: Получен RSSI: -32 dBm (кадр 249) (rssi_monitor_async.py:256)
2026-02-19 14:44:20 [DEBUG   ]: Получен RSSI: -32 dBm (кадр 250) (rssi_monitor_async.py:256)
2026-02-19 14:44:21 [DEBUG   ]: Получен RSSI: -34 dBm (кадр 263) (rssi_monitor_async.py:256)
2026-02-19 14:44:21 [DEBUG   ]: Получен RSSI: -34 dBm (кадр 264) (rssi_monitor_async.py:256)
2026-02-19 14:44:21 [DEBUG   ]: Получен RSSI: -34 dBm (кадр 267) (rssi_monitor_async.py:256)
2026-02-19 14:44:21 [DEBUG   ]: Получен RSSI: -34 dBm (кадр 268) (rssi_monitor_async.py:256)
2026-02-19 14:44:21 [DEBUG   ]: Получен RSSI: -32 dBm (кадр 275) (rssi_monitor_async.py:256)
2026-02-19 14:44:21 [DEBUG   ]: Получен RSSI: -32 dBm (кадр 276) (rssi_monitor_async.py:256)
2026-02-19 14:44:21 [DEBUG   ]: Получен RSSI: -32 dBm (кадр 280) (rssi_monitor_async.py:256)
2026-02-19 14:44:21 [DEBUG   ]: Получен RSSI: -32 dBm (кадр 281) (rssi_monitor_async.py:256)
2026-02-19 14:44:22 [INFO    ]: Закрытие окна мониторинга (rssi_monitor_async.py:480)
2026-02-19 14:44:22 [INFO    ]: Ожидание завершения асинхронных задач... (rssi_monitor_async.py:498)
2026-02-19 14:44:25 [INFO    ]: Запуск мониторинга... (rssi_monitor_async.py:83)
2026-02-19 14:44:25 [INFO    ]: Запущена команда: tshark -l -i wlan1 -T fields -E separator=	 -e wlan.fc.type -e wlan.fc.subtype -e wlan.sa -e wlan.da -e wlan.bssid -e frame.number -e wlan_radio.signal_dbm -Y (wlan.sa == 48:8B:0A:A1:05:70 or wlan.da == 48:8B:0A:A1:05:70 or wlan.bssid == 48:8B:0A:A1:05:70) and (wlan.fc.type == 0 or wlan.fc.type == 2) (rssi_monitor_async.py:161)
2026-02-19 14:44:25 [INFO    ]: Запущен tshark с фильтром: wlan.ta == 48:8B:0A:A1:05:70 (rssi_monitor_async.py:235)
2026-02-19 14:44:27 [DEBUG   ]: Получен RSSI: -36 dBm (кадр 7) (rssi_monitor_async.py:256)
2026-02-19 14:44:27 [DEBUG   ]: Получен RSSI: -36 dBm (кадр 8) (rssi_monitor_async.py:256)
2026-02-19 14:44:27 [DEBUG   ]: Получен RSSI: -34 dBm (кадр 11) (rssi_monitor_async.py:256)
2026-02-19 14:44:27 [DEBUG   ]: Получен RSSI: -36 dBm (кадр 12) (rssi_monitor_async.py:256)
2026-02-19 14:44:27 [DEBUG   ]: Получен RSSI: -32 dBm (кадр 18) (rssi_monitor_async.py:256)
2026-02-19 14:44:27 [DEBUG   ]: Получен RSSI: -32 dBm (кадр 19) (rssi_monitor_async.py:256)
2026-02-19 14:44:27 [DEBUG   ]: Получен RSSI: -32 dBm (кадр 24) (rssi_monitor_async.py:256)
2026-02-19 14:44:27 [DEBUG   ]: Получен RSSI: -32 dBm (кадр 26) (rssi_monitor_async.py:256)
2026-02-19 14:44:27 [DEBUG   ]: Получен RSSI: -32 dBm (кадр 27) (rssi_monitor_async.py:256)
2026-02-19 14:44:27 [DEBUG   ]: Получен RSSI: -32 dBm (кадр 33) (rssi_monitor_async.py:256)
2026-02-19 14:44:27 [DEBUG   ]: Получен RSSI: -32 dBm (кадр 34) (rssi_monitor_async.py:256)
2026-02-19 14:44:28 [DEBUG   ]: Получен RSSI: -36 dBm (кадр 61) (rssi_monitor_async.py:256)
2026-02-19 14:53:42 [INFO    ]: Запуск мониторинга... (rssi_monitor_async.py:56)
2026-02-19 14:53:42 [INFO    ]: Запущена команда: tshark -l -i wlan1 -T fields -E separator=	 -e wlan.fc.type -e wlan.fc.subtype -e wlan.sa -e wlan.da -e wlan.bssid -e frame.number -e wlan_radio.signal_dbm -Y (wlan.sa == 2C:57:41:83:37:E1 or wlan.da == 2C:57:41:83:37:E1 or wlan.bssid == 2C:57:41:83:37:E1) and (wlan.fc.type == 0 or wlan.fc.type == 2) (rssi_monitor_async.py:135)
2026-02-19 14:53:43 [INFO    ]: Запущен tshark с фильтром: wlan.ta==2C:57:41:83:37:E1  and wlan.fc.subtype==8 and wlan.fc.type==0 (rssi_monitor_async.py:256)
2026-02-19 14:53:44 [DEBUG   ]: Получен RSSI: -60 dBm (кадр 1) (rssi_monitor_async.py:277)
2026-02-19 14:53:44 [DEBUG   ]: Получен RSSI: -60 dBm (кадр 4) (rssi_monitor_async.py:277)
2026-02-19 14:53:44 [DEBUG   ]: Получен RSSI: -60 dBm (кадр 7) (rssi_monitor_async.py:277)
2026-02-19 14:53:44 [DEBUG   ]: Получен RSSI: -61 dBm (кадр 10) (rssi_monitor_async.py:277)
2026-02-19 14:53:44 [DEBUG   ]: Получен RSSI: -60 dBm (кадр 22) (rssi_monitor_async.py:277)
2026-02-19 14:53:44 [DEBUG   ]: Получен RSSI: -60 dBm (кадр 25) (rssi_monitor_async.py:277)
2026-02-19 14:53:45 [DEBUG   ]: Получен RSSI: -60 dBm (кадр 26) (rssi_monitor_async.py:277)
2026-02-19 14:53:45 [DEBUG   ]: Получен RSSI: -60 dBm (кадр 29) (rssi_monitor_async.py:277)
2026-02-19 14:53:45 [DEBUG   ]: Получен RSSI: -60 dBm (кадр 32) (rssi_monitor_async.py:277)
2026-02-19 14:53:45 [DEBUG   ]: Получен RSSI: -60 dBm (кадр 35) (rssi_monitor_async.py:277)
2026-02-19 14:53:45 [DEBUG   ]: Получен RSSI: -60 dBm (кадр 38) (rssi_monitor_async.py:277)
2026-02-19 14:53:45 [DEBUG   ]: Получен RSSI: -61 dBm (кадр 41) (rssi_monitor_async.py:277)
2026-02-19 14:53:45 [DEBUG   ]: Получен RSSI: -61 dBm (кадр 44) (rssi_monitor_async.py:277)
2026-02-19 14:53:45 [DEBUG   ]: Получен RSSI: -61 dBm (кадр 47) (rssi_monitor_async.py:277)
2026-02-19 14:53:46 [DEBUG   ]: Получен RSSI: -61 dBm (кадр 50) (rssi_monitor_async.py:277)
2026-02-19 14:53:46 [DEBUG   ]: Получен RSSI: -60 dBm (кадр 53) (rssi_monitor_async.py:277)
2026-02-19 14:53:46 [DEBUG   ]: Получен RSSI: -61 dBm (кадр 58) (rssi_monitor_async.py:277)
2026-02-19 14:53:46 [DEBUG   ]: Получен RSSI: -61 dBm (кадр 61) (rssi_monitor_async.py:277)
2026-02-19 14:53:46 [DEBUG   ]: Получен RSSI: -61 dBm (кадр 64) (rssi_monitor_async.py:277)
2026-02-19 14:53:46 [DEBUG   ]: Получен RSSI: -64 dBm (кадр 68) (rssi_monitor_async.py:277)
2026-02-19 14:53:46 [DEBUG   ]: Получен RSSI: -60 dBm (кадр 78) (rssi_monitor_async.py:277)
2026-02-19 14:53:46 [DEBUG   ]: Получен RSSI: -59 dBm (кадр 81) (rssi_monitor_async.py:277)
2026-02-19 14:53:47 [DEBUG   ]: Получен RSSI: -58 dBm (кадр 87) (rssi_monitor_async.py:277)
2026-02-19 14:53:47 [DEBUG   ]: Получен RSSI: -59 dBm (кадр 90) (rssi_monitor_async.py:277)
2026-02-19 14:53:47 [DEBUG   ]: Получен RSSI: -58 dBm (кадр 103) (rssi_monitor_async.py:277)
2026-02-19 14:53:47 [DEBUG   ]: Получен RSSI: -60 dBm (кадр 106) (rssi_monitor_async.py:277)
2026-02-19 14:53:47 [DEBUG   ]: Получен RSSI: -59 dBm (кадр 109) (rssi_monitor_async.py:277)
2026-02-19 14:53:47 [DEBUG   ]: Получен RSSI: -60 dBm (кадр 112) (rssi_monitor_async.py:277)
2026-02-19 14:53:47 [DEBUG   ]: Получен RSSI: -59 dBm (кадр 121) (rssi_monitor_async.py:277)
2026-02-19 14:53:48 [DEBUG   ]: Получен RSSI: -60 dBm (кадр 128) (rssi_monitor_async.py:277)
2026-02-19 14:53:48 [DEBUG   ]: Получен RSSI: -62 dBm (кадр 131) (rssi_monitor_async.py:277)
2026-02-19 14:53:48 [DEBUG   ]: Получен RSSI: -63 dBm (кадр 134) (rssi_monitor_async.py:277)
2026-02-19 14:53:48 [DEBUG   ]: Получен RSSI: -60 dBm (кадр 137) (rssi_monitor_async.py:277)
2026-02-19 14:53:48 [DEBUG   ]: Получен RSSI: -60 dBm (кадр 140) (rssi_monitor_async.py:277)
2026-02-19 14:53:48 [DEBUG   ]: Получен RSSI: -60 dBm (кадр 143) (rssi_monitor_async.py:277)
2026-02-19 14:53:48 [DEBUG   ]: Получен RSSI: -62 dBm (кадр 146) (rssi_monitor_async.py:277)
2026-02-19 14:53:49 [DEBUG   ]: Получен RSSI: -62 dBm (кадр 151) (rssi_monitor_async.py:277)
2026-02-19 14:53:49 [DEBUG   ]: Получен RSSI: -67 dBm (кадр 154) (rssi_monitor_async.py:277)
2026-02-19 14:53:49 [DEBUG   ]: Получен RSSI: -55 dBm (кадр 157) (rssi_monitor_async.py:277)
2026-02-19 14:53:49 [DEBUG   ]: Получен RSSI: -66 dBm (кадр 158) (rssi_monitor_async.py:277)
2026-02-19 14:53:49 [DEBUG   ]: Получен RSSI: -59 dBm (кадр 163) (rssi_monitor_async.py:277)
2026-02-19 14:53:49 [DEBUG   ]: Получен RSSI: -61 dBm (кадр 166) (rssi_monitor_async.py:277)
2026-02-19 14:53:49 [DEBUG   ]: Получен RSSI: -59 dBm (кадр 168) (rssi_monitor_async.py:277)
2026-02-19 14:53:49 [DEBUG   ]: Получен RSSI: -60 dBm (кадр 171) (rssi_monitor_async.py:277)
2026-02-19 14:53:50 [DEBUG   ]: Получен RSSI: -61 dBm (кадр 182) (rssi_monitor_async.py:277)
2026-02-19 14:53:50 [DEBUG   ]: Получен RSSI: -61 dBm (кадр 186) (rssi_monitor_async.py:277)
2026-02-19 14:53:50 [DEBUG   ]: Получен RSSI: -56 dBm (кадр 189) (rssi_monitor_async.py:277)
2026-02-19 14:53:50 [DEBUG   ]: Получен RSSI: -59 dBm (кадр 192) (rssi_monitor_async.py:277)
2026-02-19 14:53:50 [DEBUG   ]: Получен RSSI: -58 dBm (кадр 197) (rssi_monitor_async.py:277)
2026-02-19 14:53:50 [DEBUG   ]: Получен RSSI: -58 dBm (кадр 200) (rssi_monitor_async.py:277)
2026-02-19 14:53:50 [DEBUG   ]: Получен RSSI: -59 dBm (кадр 202) (rssi_monitor_async.py:277)
2026-02-19 14:53:50 [DEBUG   ]: Получен RSSI: -61 dBm (кадр 205) (rssi_monitor_async.py:277)
2026-02-19 14:53:50 [DEBUG   ]: Получен RSSI: -57 dBm (кадр 214) (rssi_monitor_async.py:277)
2026-02-19 14:53:51 [DEBUG   ]: Получен RSSI: -59 dBm (кадр 221) (rssi_monitor_async.py:277)
2026-02-19 14:53:51 [DEBUG   ]: Получен RSSI: -57 dBm (кадр 226) (rssi_monitor_async.py:277)
2026-02-19 14:53:51 [DEBUG   ]: Получен RSSI: -61 dBm (кадр 235) (rssi_monitor_async.py:277)
2026-02-19 14:53:51 [DEBUG   ]: Получен RSSI: -57 dBm (кадр 238) (rssi_monitor_async.py:277)
2026-02-19 14:53:51 [DEBUG   ]: Получен RSSI: -57 dBm (кадр 241) (rssi_monitor_async.py:277)
2026-02-19 14:53:51 [DEBUG   ]: Получен RSSI: -57 dBm (кадр 244) (rssi_monitor_async.py:277)
2026-02-19 14:53:51 [DEBUG   ]: Получен RSSI: -57 dBm (кадр 245) (rssi_monitor_async.py:277)
2026-02-19 14:53:51 [DEBUG   ]: Получен RSSI: -58 dBm (кадр 248) (rssi_monitor_async.py:277)
2026-02-19 14:53:52 [DEBUG   ]: Получен RSSI: -58 dBm (кадр 250) (rssi_monitor_async.py:277)
2026-02-19 14:53:52 [DEBUG   ]: Получен RSSI: -57 dBm (кадр 253) (rssi_monitor_async.py:277)
2026-02-19 14:53:52 [DEBUG   ]: Получен RSSI: -57 dBm (кадр 256) (rssi_monitor_async.py:277)
2026-02-19 14:53:52 [DEBUG   ]: Получен RSSI: -58 dBm (кадр 259) (rssi_monitor_async.py:277)
2026-02-19 14:53:52 [DEBUG   ]: Получен RSSI: -57 dBm (кадр 280) (rssi_monitor_async.py:277)
2026-02-19 14:53:52 [DEBUG   ]: Получен RSSI: -57 dBm (кадр 283) (rssi_monitor_async.py:277)
2026-02-19 14:53:52 [DEBUG   ]: Получен RSSI: -58 dBm (кадр 286) (rssi_monitor_async.py:277)
2026-02-19 14:53:53 [DEBUG   ]: Получен RSSI: -60 dBm (кадр 289) (rssi_monitor_async.py:277)
2026-02-19 14:53:53 [DEBUG   ]: Получен RSSI: -58 dBm (кадр 293) (rssi_monitor_async.py:277)
2026-02-19 14:53:53 [DEBUG   ]: Получен RSSI: -57 dBm (кадр 300) (rssi_monitor_async.py:277)
2026-02-19 14:53:53 [DEBUG   ]: Получен RSSI: -57 dBm (кадр 303) (rssi_monitor_async.py:277)
2026-02-19 14:53:53 [DEBUG   ]: Получен RSSI: -57 dBm (кадр 310) (rssi_monitor_async.py:277)
2026-02-19 14:53:53 [DEBUG   ]: Получен RSSI: -58 dBm (кадр 312) (rssi_monitor_async.py:277)
2026-02-19 14:53:53 [DEBUG   ]: Получен RSSI: -58 dBm (кадр 333) (rssi_monitor_async.py:277)
2026-02-19 14:53:53 [DEBUG   ]: Получен RSSI: -61 dBm (кадр 336) (rssi_monitor_async.py:277)
2026-02-19 14:53:53 [DEBUG   ]: Получен RSSI: -57 dBm (кадр 339) (rssi_monitor_async.py:277)
2026-02-19 14:53:54 [DEBUG   ]: Получен RSSI: -58 dBm (кадр 342) (rssi_monitor_async.py:277)
2026-02-19 14:53:54 [DEBUG   ]: Получен RSSI: -57 dBm (кадр 347) (rssi_monitor_async.py:277)
2026-02-19 14:53:54 [DEBUG   ]: Получен RSSI: -57 dBm (кадр 348) (rssi_monitor_async.py:277)
2026-02-19 14:53:54 [DEBUG   ]: Получен RSSI: -57 dBm (кадр 362) (rssi_monitor_async.py:277)
2026-02-19 14:53:54 [DEBUG   ]: Получен RSSI: -57 dBm (кадр 373) (rssi_monitor_async.py:277)
2026-02-19 14:53:54 [DEBUG   ]: Получен RSSI: -57 dBm (кадр 376) (rssi_monitor_async.py:277)
2026-02-19 14:53:55 [DEBUG   ]: Получен RSSI: -57 dBm (кадр 381) (rssi_monitor_async.py:277)
2026-02-19 14:53:55 [DEBUG   ]: Получен RSSI: -57 dBm (кадр 382) (rssi_monitor_async.py:277)
2026-02-19 14:53:55 [DEBUG   ]: Получен RSSI: -57 dBm (кадр 385) (rssi_monitor_async.py:277)
2026-02-19 14:53:55 [DEBUG   ]: Получен RSSI: -58 dBm (кадр 388) (rssi_monitor_async.py:277)
2026-02-19 14:53:55 [DEBUG   ]: Получен RSSI: -58 dBm (кадр 391) (rssi_monitor_async.py:277)
2026-02-19 14:53:55 [DEBUG   ]: Получен RSSI: -59 dBm (кадр 404) (rssi_monitor_async.py:277)
2026-02-19 14:53:55 [DEBUG   ]: Получен RSSI: -57 dBm (кадр 406) (rssi_monitor_async.py:277)
2026-02-19 14:53:55 [DEBUG   ]: Получен RSSI: -57 dBm (кадр 409) (rssi_monitor_async.py:277)
2026-02-19 14:53:56 [DEBUG   ]: Получен RSSI: -57 dBm (кадр 412) (rssi_monitor_async.py:277)
2026-02-19 14:53:56 [DEBUG   ]: Получен RSSI: -57 dBm (кадр 415) (rssi_monitor_async.py:277)
2026-02-19 14:53:56 [DEBUG   ]: Получен RSSI: -56 dBm (кадр 418) (rssi_monitor_async.py:277)
2026-02-19 14:53:56 [DEBUG   ]: Получен RSSI: -57 dBm (кадр 423) (rssi_monitor_async.py:277)
2026-02-19 14:53:56 [DEBUG   ]: Получен RSSI: -58 dBm (кадр 426) (rssi_monitor_async.py:277)
2026-02-19 14:53:56 [DEBUG   ]: Получен RSSI: -57 dBm (кадр 430) (rssi_monitor_async.py:277)
2026-02-19 14:53:56 [DEBUG   ]: Получен RSSI: -57 dBm (кадр 433) (rssi_monitor_async.py:277)
2026-02-19 14:53:56 [DEBUG   ]: Получен RSSI: -55 dBm (кадр 448) (rssi_monitor_async.py:277)
2026-02-19 14:53:57 [DEBUG   ]: Получен RSSI: -58 dBm (кадр 450) (rssi_monitor_async.py:277)
2026-02-19 14:53:57 [DEBUG   ]: Получен RSSI: -58 dBm (кадр 453) (rssi_monitor_async.py:277)
2026-02-19 14:53:57 [DEBUG   ]: Получен RSSI: -58 dBm (кадр 456) (rssi_monitor_async.py:277)
2026-02-19 14:53:57 [DEBUG   ]: Получен RSSI: -56 dBm (кадр 459) (rssi_monitor_async.py:277)
2026-02-19 14:53:57 [DEBUG   ]: Получен RSSI: -56 dBm (кадр 462) (rssi_monitor_async.py:277)
2026-02-19 14:53:57 [DEBUG   ]: Получен RSSI: -56 dBm (кадр 465) (rssi_monitor_async.py:277)
2026-02-19 14:53:57 [DEBUG   ]: Получен RSSI: -59 dBm (кадр 482) (rssi_monitor_async.py:277)
2026-02-19 14:53:57 [DEBUG   ]: Получен RSSI: -58 dBm (кадр 485) (rssi_monitor_async.py:277)
2026-02-19 14:53:57 [DEBUG   ]: Получен RSSI: -57 dBm (кадр 487) (rssi_monitor_async.py:277)
2026-02-19 14:53:57 [DEBUG   ]: Получен RSSI: -58 dBm (кадр 490) (rssi_monitor_async.py:277)
2026-02-19 14:53:58 [DEBUG   ]: Получен RSSI: -59 dBm (кадр 493) (rssi_monitor_async.py:277)
2026-02-19 14:53:58 [DEBUG   ]: Получен RSSI: -56 dBm (кадр 496) (rssi_monitor_async.py:277)
2026-02-19 14:53:58 [DEBUG   ]: Получен RSSI: -56 dBm (кадр 499) (rssi_monitor_async.py:277)
2026-02-19 14:53:58 [DEBUG   ]: Получен RSSI: -56 dBm (кадр 502) (rssi_monitor_async.py:277)
2026-02-19 14:53:58 [DEBUG   ]: Получен RSSI: -57 dBm (кадр 505) (rssi_monitor_async.py:277)
2026-02-19 14:53:58 [DEBUG   ]: Получен RSSI: -57 dBm (кадр 508) (rssi_monitor_async.py:277)
2026-02-19 14:53:58 [DEBUG   ]: Получен RSSI: -57 dBm (кадр 510) (rssi_monitor_async.py:277)
2026-02-19 14:53:59 [DEBUG   ]: Получен RSSI: -58 dBm (кадр 513) (rssi_monitor_async.py:277)
2026-02-19 14:53:59 [DEBUG   ]: Получен RSSI: -59 dBm (кадр 515) (rssi_monitor_async.py:277)
2026-02-19 14:53:59 [DEBUG   ]: Получен RSSI: -57 dBm (кадр 518) (rssi_monitor_async.py:277)
2026-02-19 14:53:59 [DEBUG   ]: Получен RSSI: -57 dBm (кадр 521) (rssi_monitor_async.py:277)
2026-02-19 14:53:59 [DEBUG   ]: Получен RSSI: -57 dBm (кадр 524) (rssi_monitor_async.py:277)
2026-02-19 14:53:59 [DEBUG   ]: Получен RSSI: -61 dBm (кадр 527) (rssi_monitor_async.py:277)
2026-02-19 14:53:59 [DEBUG   ]: Получен RSSI: -58 dBm (кадр 530) (rssi_monitor_async.py:277)
2026-02-19 14:53:59 [DEBUG   ]: Получен RSSI: -57 dBm (кадр 533) (rssi_monitor_async.py:277)
2026-02-19 14:54:00 [DEBUG   ]: Получен RSSI: -57 dBm (кадр 537) (rssi_monitor_async.py:277)
2026-02-19 14:54:00 [DEBUG   ]: Получен RSSI: -57 dBm (кадр 541) (rssi_monitor_async.py:277)
2026-02-19 14:54:00 [DEBUG   ]: Получен RSSI: -57 dBm (кадр 544) (rssi_monitor_async.py:277)
2026-02-19 14:54:00 [DEBUG   ]: Получен RSSI: -57 dBm (кадр 547) (rssi_monitor_async.py:277)
2026-02-19 14:54:00 [DEBUG   ]: Получен RSSI: -57 dBm (кадр 550) (rssi_monitor_async.py:277)
2026-02-19 14:54:00 [DEBUG   ]: Получен RSSI: -58 dBm (кадр 559) (rssi_monitor_async.py:277)
2026-02-19 14:54:00 [DEBUG   ]: Получен RSSI: -58 dBm (кадр 561) (rssi_monitor_async.py:277)
2026-02-19 14:54:00 [DEBUG   ]: Получен RSSI: -58 dBm (кадр 564) (rssi_monitor_async.py:277)
2026-02-19 14:54:00 [DEBUG   ]: Получен RSSI: -59 dBm (кадр 567) (rssi_monitor_async.py:277)
2026-02-19 14:54:01 [DEBUG   ]: Получен RSSI: -59 dBm (кадр 570) (rssi_monitor_async.py:277)
2026-02-19 14:54:01 [DEBUG   ]: Получен RSSI: -59 dBm (кадр 573) (rssi_monitor_async.py:277)
2026-02-19 14:54:01 [DEBUG   ]: Получен RSSI: -58 dBm (кадр 575) (rssi_monitor_async.py:277)
2026-02-19 14:54:01 [DEBUG   ]: Получен RSSI: -58 dBm (кадр 579) (rssi_monitor_async.py:277)
2026-02-19 14:54:01 [DEBUG   ]: Получен RSSI: -59 dBm (кадр 580) (rssi_monitor_async.py:277)
2026-02-19 14:54:01 [DEBUG   ]: Получен RSSI: -59 dBm (кадр 583) (rssi_monitor_async.py:277)
2026-02-19 14:54:01 [DEBUG   ]: Получен RSSI: -59 dBm (кадр 589) (rssi_monitor_async.py:277)
2026-02-19 14:54:02 [DEBUG   ]: Получен RSSI: -63 dBm (кадр 592) (rssi_monitor_async.py:277)
2026-02-19 14:54:02 [DEBUG   ]: Получен RSSI: -60 dBm (кадр 595) (rssi_monitor_async.py:277)
2026-02-19 14:54:02 [DEBUG   ]: Получен RSSI: -61 dBm (кадр 598) (rssi_monitor_async.py:277)
2026-02-19 14:54:02 [DEBUG   ]: Получен RSSI: -59 dBm (кадр 601) (rssi_monitor_async.py:277)
2026-02-19 14:54:02 [DEBUG   ]: Получен RSSI: -60 dBm (кадр 607) (rssi_monitor_async.py:277)
2026-02-19 14:54:02 [DEBUG   ]: Получен RSSI: -59 dBm (кадр 610) (rssi_monitor_async.py:277)
2026-02-19 14:54:02 [DEBUG   ]: Получен RSSI: -59 dBm (кадр 612) (rssi_monitor_async.py:277)
2026-02-19 14:54:03 [DEBUG   ]: Получен RSSI: -58 dBm (кадр 615) (rssi_monitor_async.py:277)
2026-02-19 14:54:03 [DEBUG   ]: Получен RSSI: -59 dBm (кадр 618) (rssi_monitor_async.py:277)
2026-02-19 14:54:03 [DEBUG   ]: Получен RSSI: -58 dBm (кадр 621) (rssi_monitor_async.py:277)
2026-02-19 14:54:03 [DEBUG   ]: Получен RSSI: -57 dBm (кадр 628) (rssi_monitor_async.py:277)
2026-02-19 14:54:03 [DEBUG   ]: Получен RSSI: -57 dBm (кадр 630) (rssi_monitor_async.py:277)
2026-02-19 14:54:03 [DEBUG   ]: Получен RSSI: -58 dBm (кадр 635) (rssi_monitor_async.py:277)
2026-02-19 14:54:03 [DEBUG   ]: Получен RSSI: -58 dBm (кадр 638) (rssi_monitor_async.py:277)
2026-02-19 14:54:03 [DEBUG   ]: Получен RSSI: -58 dBm (кадр 641) (rssi_monitor_async.py:277)
2026-02-19 14:54:04 [DEBUG   ]: Получен RSSI: -60 dBm (кадр 644) (rssi_monitor_async.py:277)
2026-02-19 14:54:04 [DEBUG   ]: Получен RSSI: -59 dBm (кадр 647) (rssi_monitor_async.py:277)
2026-02-19 14:54:04 [DEBUG   ]: Получен RSSI: -58 dBm (кадр 650) (rssi_monitor_async.py:277)
2026-02-19 14:54:04 [DEBUG   ]: Получен RSSI: -58 dBm (кадр 651) (rssi_monitor_async.py:277)
2026-02-19 14:54:04 [DEBUG   ]: Получен RSSI: -58 dBm (кадр 654) (rssi_monitor_async.py:277)
2026-02-19 14:54:04 [DEBUG   ]: Получен RSSI: -59 dBm (кадр 671) (rssi_monitor_async.py:277)
2026-02-19 14:54:04 [DEBUG   ]: Получен RSSI: -61 dBm (кадр 674) (rssi_monitor_async.py:277)
2026-02-19 14:54:04 [DEBUG   ]: Получен RSSI: -59 dBm (кадр 676) (rssi_monitor_async.py:277)
2026-02-19 14:54:04 [DEBUG   ]: Получен RSSI: -59 dBm (кадр 681) (rssi_monitor_async.py:277)
2026-02-19 14:54:05 [DEBUG   ]: Получен RSSI: -58 dBm (кадр 684) (rssi_monitor_async.py:277)
2026-02-19 14:54:05 [DEBUG   ]: Получен RSSI: -58 dBm (кадр 687) (rssi_monitor_async.py:277)
2026-02-19 14:54:05 [DEBUG   ]: Получен RSSI: -58 dBm (кадр 690) (rssi_monitor_async.py:277)
2026-02-19 14:54:05 [DEBUG   ]: Получен RSSI: -59 dBm (кадр 693) (rssi_monitor_async.py:277)
2026-02-19 14:54:05 [DEBUG   ]: Получен RSSI: -58 dBm (кадр 697) (rssi_monitor_async.py:277)
2026-02-19 14:54:05 [DEBUG   ]: Получен RSSI: -57 dBm (кадр 705) (rssi_monitor_async.py:277)
2026-02-19 14:54:05 [DEBUG   ]: Получен RSSI: -57 dBm (кадр 708) (rssi_monitor_async.py:277)
2026-02-19 14:54:06 [DEBUG   ]: Получен RSSI: -58 dBm (кадр 724) (rssi_monitor_async.py:277)
2026-02-19 14:54:06 [DEBUG   ]: Получен RSSI: -57 dBm (кадр 727) (rssi_monitor_async.py:277)
2026-02-19 14:54:06 [DEBUG   ]: Получен RSSI: -58 dBm (кадр 740) (rssi_monitor_async.py:277)
2026-02-19 14:54:06 [DEBUG   ]: Получен RSSI: -58 dBm (кадр 745) (rssi_monitor_async.py:277)
2026-02-19 14:54:06 [DEBUG   ]: Получен RSSI: -57 dBm (кадр 748) (rssi_monitor_async.py:277)
2026-02-19 14:54:06 [DEBUG   ]: Получен RSSI: -58 dBm (кадр 751) (rssi_monitor_async.py:277)
2026-02-19 14:54:06 [DEBUG   ]: Получен RSSI: -57 dBm (кадр 754) (rssi_monitor_async.py:277)
2026-02-19 14:54:06 [DEBUG   ]: Получен RSSI: -58 dBm (кадр 757) (rssi_monitor_async.py:277)
2026-02-19 14:54:07 [DEBUG   ]: Получен RSSI: -57 dBm (кадр 761) (rssi_monitor_async.py:277)
2026-02-19 14:54:07 [DEBUG   ]: Получен RSSI: -58 dBm (кадр 764) (rssi_monitor_async.py:277)
2026-02-19 14:54:07 [DEBUG   ]: Получен RSSI: -59 dBm (кадр 767) (rssi_monitor_async.py:277)
2026-02-19 14:54:07 [DEBUG   ]: Получен RSSI: -58 dBm (кадр 770) (rssi_monitor_async.py:277)
2026-02-19 14:54:07 [DEBUG   ]: Получен RSSI: -58 dBm (кадр 773) (rssi_monitor_async.py:277)
2026-02-19 14:54:07 [DEBUG   ]: Получен RSSI: -59 dBm (кадр 776) (rssi_monitor_async.py:277)
2026-02-19 14:54:07 [DEBUG   ]: Получен RSSI: -59 dBm (кадр 779) (rssi_monitor_async.py:277)
2026-02-19 14:54:07 [DEBUG   ]: Получен RSSI: -58 dBm (кадр 782) (rssi_monitor_async.py:277)
2026-02-19 14:54:07 [DEBUG   ]: Получен RSSI: -59 dBm (кадр 785) (rssi_monitor_async.py:277)
2026-02-19 14:54:08 [DEBUG   ]: Получен RSSI: -59 dBm (кадр 789) (rssi_monitor_async.py:277)
2026-02-19 14:54:08 [DEBUG   ]: Получен RSSI: -58 dBm (кадр 791) (rssi_monitor_async.py:277)
2026-02-19 14:54:08 [DEBUG   ]: Получен RSSI: -58 dBm (кадр 794) (rssi_monitor_async.py:277)
2026-02-19 14:54:08 [DEBUG   ]: Получен RSSI: -59 dBm (кадр 797) (rssi_monitor_async.py:277)
2026-02-19 14:54:08 [DEBUG   ]: Получен RSSI: -59 dBm (кадр 800) (rssi_monitor_async.py:277)
2026-02-19 14:54:08 [DEBUG   ]: Получен RSSI: -58 dBm (кадр 802) (rssi_monitor_async.py:277)
2026-02-19 14:54:08 [DEBUG   ]: Получен RSSI: -58 dBm (кадр 805) (rssi_monitor_async.py:277)
2026-02-19 14:54:08 [DEBUG   ]: Получен RSSI: -63 dBm (кадр 806) (rssi_monitor_async.py:277)
2026-02-19 14:54:08 [DEBUG   ]: Получен RSSI: -58 dBm (кадр 809) (rssi_monitor_async.py:277)
2026-02-19 14:54:09 [DEBUG   ]: Получен RSSI: -58 dBm (кадр 827) (rssi_monitor_async.py:277)
2026-02-19 14:54:09 [DEBUG   ]: Получен RSSI: -59 dBm (кадр 829) (rssi_monitor_async.py:277)
2026-02-19 14:54:09 [DEBUG   ]: Получен RSSI: -58 dBm (кадр 832) (rssi_monitor_async.py:277)
2026-02-19 14:54:09 [DEBUG   ]: Получен RSSI: -58 dBm (кадр 846) (rssi_monitor_async.py:277)
2026-02-19 14:54:09 [DEBUG   ]: Получен RSSI: -59 dBm (кадр 860) (rssi_monitor_async.py:277)
2026-02-19 14:54:09 [DEBUG   ]: Получен RSSI: -57 dBm (кадр 865) (rssi_monitor_async.py:277)
2026-02-19 14:54:09 [DEBUG   ]: Получен RSSI: -58 dBm (кадр 876) (rssi_monitor_async.py:277)
2026-02-19 14:54:09 [DEBUG   ]: Получен RSSI: -58 dBm (кадр 884) (rssi_monitor_async.py:277)
2026-02-19 14:54:09 [DEBUG   ]: Получен RSSI: -58 dBm (кадр 887) (rssi_monitor_async.py:277)
2026-02-19 14:54:10 [DEBUG   ]: Получен RSSI: -58 dBm (кадр 890) (rssi_monitor_async.py:277)
2026-02-19 14:54:10 [DEBUG   ]: Получен RSSI: -58 dBm (кадр 893) (rssi_monitor_async.py:277)
2026-02-19 14:54:10 [DEBUG   ]: Получен RSSI: -58 dBm (кадр 896) (rssi_monitor_async.py:277)
2026-02-19 14:54:10 [DEBUG   ]: Получен RSSI: -58 dBm (кадр 899) (rssi_monitor_async.py:277)
2026-02-19 14:54:10 [DEBUG   ]: Получен RSSI: -57 dBm (кадр 902) (rssi_monitor_async.py:277)
2026-02-19 14:54:10 [DEBUG   ]: Получен RSSI: -58 dBm (кадр 905) (rssi_monitor_async.py:277)
2026-02-19 14:54:10 [DEBUG   ]: Получен RSSI: -58 dBm (кадр 908) (rssi_monitor_async.py:277)
2026-02-19 14:54:10 [DEBUG   ]: Получен RSSI: -56 dBm (кадр 913) (rssi_monitor_async.py:277)
2026-02-19 14:54:11 [DEBUG   ]: Получен RSSI: -58 dBm (кадр 914) (rssi_monitor_async.py:277)
2026-02-19 14:54:11 [DEBUG   ]: Получен RSSI: -57 dBm (кадр 917) (rssi_monitor_async.py:277)
2026-02-19 14:54:11 [DEBUG   ]: Получен RSSI: -58 dBm (кадр 919) (rssi_monitor_async.py:277)
2026-02-19 14:54:11 [DEBUG   ]: Получен RSSI: -58 dBm (кадр 935) (rssi_monitor_async.py:277)
2026-02-19 14:54:11 [DEBUG   ]: Получен RSSI: -57 dBm (кадр 940) (rssi_monitor_async.py:277)
2026-02-19 14:54:11 [DEBUG   ]: Получен RSSI: -57 dBm (кадр 950) (rssi_monitor_async.py:277)
2026-02-19 14:54:11 [DEBUG   ]: Получен RSSI: -57 dBm (кадр 969) (rssi_monitor_async.py:277)
2026-02-19 14:54:11 [DEBUG   ]: Получен RSSI: -58 dBm (кадр 981) (rssi_monitor_async.py:277)
2026-02-19 14:54:12 [DEBUG   ]: Получен RSSI: -58 dBm (кадр 993) (rssi_monitor_async.py:277)
2026-02-19 14:54:12 [DEBUG   ]: Получен RSSI: -57 dBm (кадр 1011) (rssi_monitor_async.py:277)
2026-02-19 14:54:12 [DEBUG   ]: Получен RSSI: -57 dBm (кадр 1021) (rssi_monitor_async.py:277)
2026-02-19 14:54:12 [DEBUG   ]: Получен RSSI: -58 dBm (кадр 1023) (rssi_monitor_async.py:277)
2026-02-19 14:54:12 [DEBUG   ]: Получен RSSI: -58 dBm (кадр 1026) (rssi_monitor_async.py:277)
2026-02-19 14:54:12 [DEBUG   ]: Получен RSSI: -58 dBm (кадр 1029) (rssi_monitor_async.py:277)
2026-02-19 14:54:12 [DEBUG   ]: Получен RSSI: -57 dBm (кадр 1032) (rssi_monitor_async.py:277)
2026-02-19 14:54:12 [DEBUG   ]: Получен RSSI: -57 dBm (кадр 1035) (rssi_monitor_async.py:277)
2026-02-19 14:54:13 [DEBUG   ]: Получен RSSI: -56 dBm (кадр 1038) (rssi_monitor_async.py:277)
2026-02-19 14:54:13 [DEBUG   ]: Получен RSSI: -57 dBm (кадр 1041) (rssi_monitor_async.py:277)
2026-02-19 14:54:13 [DEBUG   ]: Получен RSSI: -56 dBm (кадр 1043) (rssi_monitor_async.py:277)
2026-02-19 14:54:13 [DEBUG   ]: Получен RSSI: -56 dBm (кадр 1046) (rssi_monitor_async.py:277)
2026-02-19 14:54:13 [DEBUG   ]: Получен RSSI: -51 dBm (кадр 1049) (rssi_monitor_async.py:277)
2026-02-19 14:54:13 [DEBUG   ]: Получен RSSI: -56 dBm (кадр 1052) (rssi_monitor_async.py:277)
2026-02-19 14:54:13 [DEBUG   ]: Получен RSSI: -56 dBm (кадр 1069) (rssi_monitor_async.py:277)
2026-02-19 14:54:13 [DEBUG   ]: Получен RSSI: -56 dBm (кадр 1072) (rssi_monitor_async.py:277)
2026-02-19 14:54:13 [DEBUG   ]: Получен RSSI: -55 dBm (кадр 1075) (rssi_monitor_async.py:277)
2026-02-19 14:54:14 [DEBUG   ]: Получен RSSI: -55 dBm (кадр 1078) (rssi_monitor_async.py:277)
2026-02-19 14:54:14 [DEBUG   ]: Получен RSSI: -56 dBm (кадр 1081) (rssi_monitor_async.py:277)
2026-02-19 14:54:14 [DEBUG   ]: Получен RSSI: -56 dBm (кадр 1084) (rssi_monitor_async.py:277)
2026-02-19 14:54:14 [DEBUG   ]: Получен RSSI: -56 dBm (кадр 1087) (rssi_monitor_async.py:277)
2026-02-19 14:54:14 [DEBUG   ]: Получен RSSI: -55 dBm (кадр 1091) (rssi_monitor_async.py:277)
2026-02-19 14:54:14 [DEBUG   ]: Получен RSSI: -55 dBm (кадр 1094) (rssi_monitor_async.py:277)
2026-02-19 14:54:14 [DEBUG   ]: Получен RSSI: -57 dBm (кадр 1097) (rssi_monitor_async.py:277)
2026-02-19 14:54:14 [DEBUG   ]: Получен RSSI: -57 dBm (кадр 1100) (rssi_monitor_async.py:277)
2026-02-19 14:54:14 [DEBUG   ]: Получен RSSI: -58 dBm (кадр 1103) (rssi_monitor_async.py:277)
2026-02-19 14:54:14 [DEBUG   ]: Получен RSSI: -56 dBm (кадр 1111) (rssi_monitor_async.py:277)
2026-02-19 14:54:15 [DEBUG   ]: Получен RSSI: -56 dBm (кадр 1119) (rssi_monitor_async.py:277)
2026-02-19 14:54:15 [DEBUG   ]: Получен RSSI: -59 dBm (кадр 1122) (rssi_monitor_async.py:277)
2026-02-19 14:54:15 [DEBUG   ]: Получен RSSI: -58 dBm (кадр 1125) (rssi_monitor_async.py:277)
2026-02-19 14:54:15 [DEBUG   ]: Получен RSSI: -57 dBm (кадр 1129) (rssi_monitor_async.py:277)
2026-02-19 14:54:15 [DEBUG   ]: Получен RSSI: -55 dBm (кадр 1140) (rssi_monitor_async.py:277)
2026-02-19 14:54:15 [DEBUG   ]: Получен RSSI: -55 dBm (кадр 1142) (rssi_monitor_async.py:277)
2026-02-19 14:54:15 [DEBUG   ]: Получен RSSI: -54 dBm (кадр 1147) (rssi_monitor_async.py:277)
2026-02-19 14:54:16 [DEBUG   ]: Получен RSSI: -49 dBm (кадр 1150) (rssi_monitor_async.py:277)
2026-02-19 14:54:16 [DEBUG   ]: Получен RSSI: -57 dBm (кадр 1157) (rssi_monitor_async.py:277)
2026-02-19 14:54:16 [DEBUG   ]: Получен RSSI: -57 dBm (кадр 1169) (rssi_monitor_async.py:277)
2026-02-19 14:54:16 [DEBUG   ]: Получен RSSI: -57 dBm (кадр 1172) (rssi_monitor_async.py:277)
2026-02-19 14:54:16 [DEBUG   ]: Получен RSSI: -58 dBm (кадр 1175) (rssi_monitor_async.py:277)
2026-02-19 14:54:16 [DEBUG   ]: Получен RSSI: -60 dBm (кадр 1178) (rssi_monitor_async.py:277)
2026-02-19 14:54:16 [DEBUG   ]: Получен RSSI: -56 dBm (кадр 1183) (rssi_monitor_async.py:277)
2026-02-19 14:54:16 [DEBUG   ]: Получен RSSI: -56 dBm (кадр 1186) (rssi_monitor_async.py:277)
2026-02-19 14:54:17 [DEBUG   ]: Получен RSSI: -59 dBm (кадр 1189) (rssi_monitor_async.py:277)
2026-02-19 14:54:17 [DEBUG   ]: Получен RSSI: -56 dBm (кадр 1191) (rssi_monitor_async.py:277)
2026-02-19 14:54:17 [DEBUG   ]: Получен RSSI: -56 dBm (кадр 1203) (rssi_monitor_async.py:277)
2026-02-19 14:54:17 [DEBUG   ]: Получен RSSI: -56 dBm (кадр 1207) (rssi_monitor_async.py:277)
2026-02-19 14:54:17 [DEBUG   ]: Получен RSSI: -53 dBm (кадр 1217) (rssi_monitor_async.py:277)
2026-02-19 14:54:17 [DEBUG   ]: Получен RSSI: -54 dBm (кадр 1228) (rssi_monitor_async.py:277)
2026-02-19 14:54:18 [DEBUG   ]: Получен RSSI: -56 dBm (кадр 1231) (rssi_monitor_async.py:277)
2026-02-19 14:54:18 [DEBUG   ]: Получен RSSI: -55 dBm (кадр 1234) (rssi_monitor_async.py:277)
2026-02-19 14:54:18 [DEBUG   ]: Получен RSSI: -55 dBm (кадр 1237) (rssi_monitor_async.py:277)
2026-02-19 14:54:18 [DEBUG   ]: Получен RSSI: -56 dBm (кадр 1239) (rssi_monitor_async.py:277)
2026-02-19 14:54:18 [DEBUG   ]: Получен RSSI: -58 dBm (кадр 1242) (rssi_monitor_async.py:277)
2026-02-19 14:54:18 [DEBUG   ]: Получен RSSI: -59 dBm (кадр 1251) (rssi_monitor_async.py:277)
2026-02-19 14:54:18 [DEBUG   ]: Получен RSSI: -56 dBm (кадр 1272) (rssi_monitor_async.py:277)
2026-02-19 14:54:18 [DEBUG   ]: Получен RSSI: -61 dBm (кадр 1275) (rssi_monitor_async.py:277)
2026-02-19 14:54:18 [DEBUG   ]: Получен RSSI: -60 dBm (кадр 1278) (rssi_monitor_async.py:277)
2026-02-19 14:54:19 [DEBUG   ]: Получен RSSI: -57 dBm (кадр 1294) (rssi_monitor_async.py:277)
2026-02-19 14:54:19 [DEBUG   ]: Получен RSSI: -57 dBm (кадр 1297) (rssi_monitor_async.py:277)
2026-02-19 14:54:19 [DEBUG   ]: Получен RSSI: -56 dBm (кадр 1307) (rssi_monitor_async.py:277)
2026-02-19 14:54:19 [DEBUG   ]: Получен RSSI: -56 dBm (кадр 1310) (rssi_monitor_async.py:277)
2026-02-19 14:54:19 [DEBUG   ]: Получен RSSI: -55 dBm (кадр 1332) (rssi_monitor_async.py:277)
2026-02-19 14:54:19 [DEBUG   ]: Получен RSSI: -55 dBm (кадр 1334) (rssi_monitor_async.py:277)
2026-02-19 14:54:19 [DEBUG   ]: Получен RSSI: -55 dBm (кадр 1337) (rssi_monitor_async.py:277)
2026-02-19 14:54:20 [DEBUG   ]: Получен RSSI: -56 dBm (кадр 1342) (rssi_monitor_async.py:277)
2026-02-19 14:54:20 [DEBUG   ]: Получен RSSI: -56 dBm (кадр 1345) (rssi_monitor_async.py:277)
2026-02-19 14:54:20 [DEBUG   ]: Получен RSSI: -56 dBm (кадр 1348) (rssi_monitor_async.py:277)
2026-02-19 14:54:20 [DEBUG   ]: Получен RSSI: -57 dBm (кадр 1350) (rssi_monitor_async.py:277)
2026-02-19 14:54:20 [DEBUG   ]: Получен RSSI: -58 dBm (кадр 1359) (rssi_monitor_async.py:277)
2026-02-19 14:54:20 [DEBUG   ]: Получен RSSI: -58 dBm (кадр 1367) (rssi_monitor_async.py:277)
2026-02-19 14:54:20 [DEBUG   ]: Получен RSSI: -58 dBm (кадр 1370) (rssi_monitor_async.py:277)
2026-02-19 14:54:20 [DEBUG   ]: Получен RSSI: -58 dBm (кадр 1373) (rssi_monitor_async.py:277)
2026-02-19 14:54:20 [DEBUG   ]: Получен RSSI: -59 dBm (кадр 1376) (rssi_monitor_async.py:277)
2026-02-19 14:54:20 [DEBUG   ]: Получен RSSI: -59 dBm (кадр 1379) (rssi_monitor_async.py:277)
2026-02-19 14:54:21 [DEBUG   ]: Получен RSSI: -58 dBm (кадр 1384) (rssi_monitor_async.py:277)
2026-02-19 14:54:21 [DEBUG   ]: Получен RSSI: -60 dBm (кадр 1392) (rssi_monitor_async.py:277)
2026-02-19 14:54:21 [DEBUG   ]: Получен RSSI: -60 dBm (кадр 1395) (rssi_monitor_async.py:277)
2026-02-19 14:54:21 [DEBUG   ]: Получен RSSI: -61 dBm (кадр 1398) (rssi_monitor_async.py:277)
2026-02-19 14:54:22 [DEBUG   ]: Получен RSSI: -60 dBm (кадр 1413) (rssi_monitor_async.py:277)
2026-02-19 14:54:22 [DEBUG   ]: Получен RSSI: -60 dBm (кадр 1416) (rssi_monitor_async.py:277)
2026-02-19 14:54:22 [DEBUG   ]: Получен RSSI: -60 dBm (кадр 1419) (rssi_monitor_async.py:277)
2026-02-19 14:54:22 [DEBUG   ]: Получен RSSI: -58 dBm (кадр 1431) (rssi_monitor_async.py:277)
2026-02-19 14:54:22 [DEBUG   ]: Получен RSSI: -59 dBm (кадр 1435) (rssi_monitor_async.py:277)
2026-02-19 14:54:22 [DEBUG   ]: Получен RSSI: -59 dBm (кадр 1443) (rssi_monitor_async.py:277)
2026-02-19 14:54:22 [DEBUG   ]: Получен RSSI: -59 dBm (кадр 1448) (rssi_monitor_async.py:277)
2026-02-19 14:54:22 [DEBUG   ]: Получен RSSI: -59 dBm (кадр 1453) (rssi_monitor_async.py:277)
2026-02-19 14:54:23 [DEBUG   ]: Получен RSSI: -59 dBm (кадр 1456) (rssi_monitor_async.py:277)
2026-02-19 14:54:23 [DEBUG   ]: Получен RSSI: -59 dBm (кадр 1459) (rssi_monitor_async.py:277)
2026-02-19 14:54:23 [DEBUG   ]: Получен RSSI: -59 dBm (кадр 1462) (rssi_monitor_async.py:277)
2026-02-19 14:54:23 [DEBUG   ]: Получен RSSI: -59 dBm (кадр 1471) (rssi_monitor_async.py:277)
2026-02-19 14:54:23 [DEBUG   ]: Получен RSSI: -58 dBm (кадр 1479) (rssi_monitor_async.py:277)
2026-02-19 14:54:23 [DEBUG   ]: Получен RSSI: -57 dBm (кадр 1482) (rssi_monitor_async.py:277)
2026-02-19 14:54:23 [DEBUG   ]: Получен RSSI: -56 dBm (кадр 1484) (rssi_monitor_async.py:277)
2026-02-19 14:54:23 [DEBUG   ]: Получен RSSI: -56 dBm (кадр 1487) (rssi_monitor_async.py:277)
2026-02-19 14:54:23 [DEBUG   ]: Получен RSSI: -58 dBm (кадр 1491) (rssi_monitor_async.py:277)
2026-02-19 14:54:24 [DEBUG   ]: Получен RSSI: -58 dBm (кадр 1494) (rssi_monitor_async.py:277)
2026-02-19 14:54:24 [DEBUG   ]: Получен RSSI: -58 dBm (кадр 1499) (rssi_monitor_async.py:277)
